<?xml version="1.0" encoding="UTF-8"?>
<testsuite xmlns:xsi="http://www.w3.org/2001/XMLSchema-instance" xsi:noNamespaceSchemaLocation="https://maven.apache.org/surefire/maven-surefire-plugin/xsd/surefire-test-report-3.0.xsd" version="3.0" name="TestSuite" time="94.346" tests="3" errors="0" skipped="0" failures="0">
  <properties>
[...]
</properties>
  <testcase name="RegisterWithUser" classname="Pages.Registeration.RegistrationTest" time="14.394">
    <system-err><![CDATA[SLF4J(W): No SLF4J providers were found.
SLF4J(W): Defaulting to no-operation (NOP) logger implementation
SLF4J(W): See https://www.slf4j.org/codes.html#noProviders for further details.
Sep 07, 2025 4:49:09 PM org.openqa.selenium.devtools.CdpVersionFinder findNearestMatch
WARNING: Unable to find CDP implementation matching 140
Sep 07, 2025 4:49:09 PM org.openqa.selenium.chromium.ChromiumDriver lambda$new$4
WARNING: Unable to find version of CDP to use for 140.0.7339.80. You may need to include a dependency on a specific version of the CDP using something similar to `org.seleniumhq.selenium:selenium-devtools-v86:4.30.0` where the version ("v86") matches the version of the chromium-based browser you're using and the version number of the artifact is the same as Selenium's.
]]></system-err>
  </testcase>
  <testcase name="Login" classname="Pages.Login.LoginTest" time="10.847">
    <system-out><![CDATA[My account
]]></system-out>
  </testcase>
  <testcase name="purchaseProcessTest" classname="Pages.PurchaseProcess.PurchaseProcessTest" time="67.996">
    <system-out><![CDATA[PASSED: Pages.Login.LoginTest.Login

===============================================
    Login
    Tests run: 1, Failures: 0, Skips: 0
===============================================


Slip Joint Pliers
$9.17
 item is chosen

Combination Pliers
$14.15
 item is chosen

Combination Pliers
$14.15
 item is chosen
Selected payment method: Cash on Delivery
]]></system-out>
  </testcase>
</testsuite>